<?xml version="1.0" encoding="UTF-8"?>
<!-- Generated by org.testng.reporters.JUnitReportReporter -->
<testsuite hostname="LAPTOP-9IH8EFD5" failures="0" tests="4" name="GroupingConcept.GroupClass1" time="0.017" errors="0" timestamp="2022-09-17T14:57:15 IST" skipped="0">
  <testcase classname="GroupingConcept.GroupClass1" name="Test1" time="0.012"/>
  <system-out/>
  <testcase classname="GroupingConcept.GroupClass1" name="Test5" time="0.002"/>
  <system-out/>
  <testcase classname="GroupingConcept.GroupClass1" name="Test2" time="0.001"/>
  <system-out/>
  <testcase classname="GroupingConcept.GroupClass1" name="Test4" time="0.002"/>
  <system-out/>
</testsuite> <!-- GroupingConcept.GroupClass1 -->
