<?xml version="1.0" encoding="UTF-8"?>
<!-- Generated by org.testng.reporters.JUnitReportReporter -->
<testsuite hostname="LAPTOP-9IH8EFD5" failures="0" tests="1" name="TestNG1.first" time="0.095" errors="0" timestamp="2022-09-09T18:14:55 IST" skipped="0">
  <testcase classname="TestNG1.first" name="test" time="0.095"/>
  <system-out/>
</testsuite> <!-- TestNG1.first -->
