<?xml version="1.0" encoding="UTF-8"?>
<!-- Generated by org.testng.reporters.JUnitReportReporter -->
<testsuite hostname="LAPTOP-9IH8EFD5" failures="0" tests="1" name="TestNG1.second" time="7.369" errors="0" timestamp="2022-09-14T21:28:46 IST" skipped="0">
  <testcase classname="TestNG1.second" name="finding" time="7.369"/>
  <system-out/>
</testsuite> <!-- TestNG1.second -->
