<?xml version="1.0" encoding="UTF-8"?>
<!-- Generated by org.testng.reporters.JUnitReportReporter -->
<testsuite hostname="LAPTOP-9IH8EFD5" failures="0" tests="3" name="part2.dataProviders" time="12.953" errors="0" timestamp="2022-09-21T12:43:02 IST" skipped="0">
  <testcase classname="part2.dataProviders" name="login" time="2.487"/>
  <system-out/>
  <testcase classname="part2.dataProviders" name="Url" time="7.974"/>
  <system-out/>
  <testcase classname="part2.dataProviders" name="login" time="2.492"/>
  <system-out/>
</testsuite> <!-- part2.dataProviders -->
