<?xml version="1.0" encoding="UTF-8"?>
<!-- Generated by org.testng.reporters.JUnitReportReporter -->
<testsuite hostname="LAPTOP-9IH8EFD5" failures="0" tests="2" name="GroupingConcept.prioritize" time="0.002" errors="0" timestamp="2022-09-17T14:57:15 IST" skipped="0">
  <testcase classname="GroupingConcept.prioritize" name="signUp" time="0.001"/>
  <system-out/>
  <testcase classname="GroupingConcept.prioritize" name="saveTheTickets" time="0.001"/>
  <system-out/>
</testsuite> <!-- GroupingConcept.prioritize -->
