<?xml version="1.0" encoding="UTF-8"?>
<!-- Generated by org.testng.reporters.JUnitReportReporter -->
<testsuite hostname="LAPTOP-9IH8EFD5" failures="0" tests="6" name="part2.DataProvideXl" time="32.415" errors="0" timestamp="2022-10-26T14:12:51 IST" skipped="0">
  <testcase classname="part2.DataProvideXl" name="method" time="5.294"/>
  <system-out/>
  <testcase classname="part2.DataProvideXl" name="method" time="2.874"/>
  <system-out/>
  <testcase classname="part2.DataProvideXl" name="method" time="3.269"/>
  <system-out/>
  <testcase classname="part2.DataProvideXl" name="method" time="3.026"/>
  <system-out/>
  <testcase classname="part2.DataProvideXl" name="method" time="3.026"/>
  <system-out/>
  <testcase classname="part2.DataProvideXl" name="Url" time="14.926"/>
  <system-out/>
</testsuite> <!-- part2.DataProvideXl -->
