<?xml version="1.0" encoding="UTF-8"?>
<!-- Generated by org.testng.reporters.JUnitReportReporter -->
<testsuite hostname="LAPTOP-9IH8EFD5" failures="0" tests="2" name="TestNG1.annotations" time="0.019" errors="0" timestamp="2022-09-13T07:59:41 IST" skipped="0">
  <testcase classname="TestNG1.annotations" name="f2" time="0.005"/>
  <system-out/>
  <testcase classname="TestNG1.annotations" name="f1" time="0.014"/>
  <system-out/>
</testsuite> <!-- TestNG1.annotations -->
