<?xml version="1.0" encoding="UTF-8"?>
<!-- Generated by org.testng.reporters.JUnitReportReporter -->
<testsuite hostname="LAPTOP-9IH8EFD5" failures="0" tests="6" name="TestNG1.prioritize" time="0.013" errors="0" timestamp="2022-09-14T22:12:06 IST" skipped="0">
  <testcase classname="TestNG1.prioritize" name="signUp" time="0.007"/>
  <system-out/>
  <testcase classname="TestNG1.prioritize" name="logIn" time="0.001"/>
  <system-out/>
  <testcase classname="TestNG1.prioritize" name="Search" time="0.001"/>
  <system-out/>
  <testcase classname="TestNG1.prioritize" name="Bookit" time="0.001"/>
  <system-out/>
  <testcase classname="TestNG1.prioritize" name="saveTheTickets" time="0.002"/>
  <system-out/>
  <testcase classname="TestNG1.prioritize" name="logOut" time="0.001"/>
  <system-out/>
</testsuite> <!-- TestNG1.prioritize -->
