<?xml version="1.0" encoding="UTF-8"?>
<!-- Generated by org.testng.reporters.JUnitReportReporter -->
<testsuite hostname="LAPTOP-9IH8EFD5" failures="0" tests="1" name="test1" time="0.006" errors="0" timestamp="2022-09-09T18:12:33 IST" skipped="0">
  <testcase classname="test1" name="TestClass" time="0.006"/>
  <system-out/>
</testsuite> <!-- test1 -->
