<?xml version="1.0" encoding="UTF-8"?>
<!-- Generated by org.testng.reporters.JUnitReportReporter -->
<testsuite hostname="LAPTOP-9IH8EFD5" failures="0" tests="1" name="GroupingConcept.test1" time="0.000" errors="0" timestamp="2022-11-09T11:01:42 IST" skipped="0">
  <testcase classname="GroupingConcept.test1" name="TestClass" time="0.000"/>
  <system-out/>
</testsuite> <!-- GroupingConcept.test1 -->
