<?xml version="1.0" encoding="UTF-8"?>
<!-- Generated by org.testng.reporters.JUnitReportReporter -->
<testsuite hostname="LAPTOP-9IH8EFD5" failures="0" tests="5" name="TestNG1.parameters" time="15.683" errors="0" timestamp="2022-09-14T21:24:52 IST" skipped="0">
  <testcase classname="TestNG1.parameters" name="login" time="1.146"/>
  <system-out/>
  <testcase classname="TestNG1.parameters" name="ThreeLInes" time="4.152"/>
  <system-out/>
  <testcase classname="TestNG1.parameters" name="url" time="8.044"/>
  <system-out/>
  <testcase classname="TestNG1.parameters" name="quit1" time="2.296"/>
  <system-out/>
  <testcase classname="TestNG1.parameters" name="Details" time="0.045"/>
  <system-out/>
</testsuite> <!-- TestNG1.parameters -->
