<?xml version="1.0" encoding="UTF-8"?>
<!-- Generated by org.testng.reporters.JUnitReportReporter -->
<testsuite hostname="LAPTOP-9IH8EFD5" failures="0" tests="3" name="GroupingConcept.second" time="12.548" errors="0" timestamp="2022-11-09T11:01:42 IST" skipped="0">
  <testcase classname="GroupingConcept.second" name="dohni" time="4.354"/>
  <system-out/>
  <testcase classname="GroupingConcept.second" name="kohli" time="4.120"/>
  <system-out/>
  <testcase classname="GroupingConcept.second" name="finding" time="4.074"/>
  <system-out/>
</testsuite> <!-- GroupingConcept.second -->
