<?xml version="1.0" encoding="UTF-8"?>
<!-- Generated by org.testng.reporters.JUnitReportReporter -->
<testsuite hostname="LAPTOP-9IH8EFD5" failures="0" tests="3" name="part2.dataPatterns" time="51.661" errors="0" timestamp="2022-09-19T20:12:53 IST" skipped="0">
  <testcase classname="part2.dataPatterns" name="Url" time="35.177"/>
  <system-out/>
  <testcase classname="part2.dataPatterns" name="login" time="10.971"/>
  <system-out/>
  <testcase classname="part2.dataPatterns" name="login" time="5.513"/>
  <system-out/>
</testsuite> <!-- part2.dataPatterns -->
